<?xml version="1.0" encoding="UTF-8"?>
<!-- Generated by org.testng.reporters.JUnitReportReporter -->
<testsuite hostname="user-PC" failures="0" tests="1" name="Academy.NewCustomer" time="15.483" errors="0" timestamp="2021-06-30T12:36:44 IST" skipped="0">
  <testcase classname="Academy.NewCustomer" name="basePageNavigation" time="15.483"/>
  <system-out/>
</testsuite> <!-- Academy.NewCustomer -->
